# JRE version: OpenJDK Runtime Environment (17.0.6) (build 17.0.6+0-b2043.56-10027231)
# Java VM: OpenJDK 64-Bit Server VM (17.0.6+0-b2043.56-10027231, mixed mode, tiered, compressed oops, compressed class ptrs, parallel gc, windows-amd64)
GC Precious Log:
 CPUs: 12 total, 12 available
 Memory: 7549M
 Large Page Support: Disabled
 NUMA Support: Disabled
 Compressed Oops: Enabled (Zero based)
 Alignments: Space 512K, Generation 512K, Heap 2M
 Heap Min Capacity: 3G
 Heap Initial Capacity: 3G
 Heap Max Capacity: 4G
 Pre-touch: Disabled
 Parallel Workers: 10
Heap:
 PSYoungGen      total 786944K, used 9236K [0x00000007aab00000, 0x0000000800000000, 0x0000000800000000)
  eden space 766976K, 0% used [0x00000007aab00000,0x00000007aab00000,0x00000007d9800000)
  from space 19968K, 46% used [0x00000007e1800000,0x00000007e2105200,0x00000007e2b80000)
  to   space 14336K, 0% used [0x00000007dab00000,0x00000007dab00000,0x00000007db900000)
 ParOldGen       total 2097152K, used 52816K [0x0000000700000000, 0x0000000780000000, 0x00000007aab00000)
  object space 2097152K, 2% used [0x0000000700000000,0x0000000703394300,0x0000000780000000)
 Metaspace       used 67284K, committed 67776K, reserved 1114112K
  class space    used 8933K, committed 9152K, reserved 1048576K
GC Heap History (20 events):
Event: 1.840 GC heap after
{Heap after GC invocations=1 (full 0):
 PSYoungGen      total 917504K, used 16830K [0x00000007aab00000, 0x00000007eab00000, 0x0000000800000000)
  eden space 786432K, 0% used [0x00000007aab00000,0x00000007aab00000,0x00000007dab00000)
  from space 131072K, 12% used [0x00000007dab00000,0x00000007dbb6f8e0,0x00000007e2b00000)
  to   space 131072K, 0% used [0x00000007e2b00000,0x00000007e2b00000,0x00000007eab00000)
 ParOldGen       total 2097152K, used 24K [0x0000000700000000, 0x0000000780000000, 0x00000007aab00000)
  object space 2097152K, 0% used [0x0000000700000000,0x0000000700006000,0x0000000780000000)
 Metaspace       used 21178K, committed 21504K, reserved 1073152K
  class space    used 2570K, committed 2752K, reserved 1048576K
}
Event: 1.840 GC heap before
{Heap before GC invocations=2 (full 1):
 PSYoungGen      total 917504K, used 16830K [0x00000007aab00000, 0x00000007eab00000, 0x0000000800000000)
  eden space 786432K, 0% used [0x00000007aab00000,0x00000007aab00000,0x00000007dab00000)
  from space 131072K, 12% used [0x00000007dab00000,0x00000007dbb6f8e0,0x00000007e2b00000)
  to   space 131072K, 0% used [0x00000007e2b00000,0x00000007e2b00000,0x00000007eab00000)
 ParOldGen       total 2097152K, used 24K [0x0000000700000000, 0x0000000780000000, 0x00000007aab00000)
  object space 2097152K, 0% used [0x0000000700000000,0x0000000700006000,0x0000000780000000)
 Metaspace       used 21178K, committed 21504K, reserved 1073152K
  class space    used 2570K, committed 2752K, reserved 1048576K
}
Event: 1.856 GC heap after
{Heap after GC invocations=2 (full 1):
 PSYoungGen      total 917504K, used 0K [0x00000007aab00000, 0x00000007eab00000, 0x0000000800000000)
  eden space 786432K, 0% used [0x00000007aab00000,0x00000007aab00000,0x00000007dab00000)
  from space 131072K, 0% used [0x00000007dab00000,0x00000007dab00000,0x00000007e2b00000)
  to   space 131072K, 0% used [0x00000007e2b00000,0x00000007e2b00000,0x00000007eab00000)
 ParOldGen       total 2097152K, used 16539K [0x0000000700000000, 0x0000000780000000, 0x00000007aab00000)
  object space 2097152K, 0% used [0x0000000700000000,0x0000000701026cc8,0x0000000780000000)
 Metaspace       used 21178K, committed 21504K, reserved 1073152K
  class space    used 2570K, committed 2752K, reserved 1048576K
}
Event: 3.455 GC heap before
{Heap before GC invocations=3 (full 1):
 PSYoungGen      total 917504K, used 176427K [0x00000007aab00000, 0x00000007eab00000, 0x0000000800000000)
  eden space 786432K, 22% used [0x00000007aab00000,0x00000007b574ae68,0x00000007dab00000)
  from space 131072K, 0% used [0x00000007dab00000,0x00000007dab00000,0x00000007e2b00000)
  to   space 131072K, 0% used [0x00000007e2b00000,0x00000007e2b00000,0x00000007eab00000)
 ParOldGen       total 2097152K, used 16539K [0x0000000700000000, 0x0000000780000000, 0x00000007aab00000)
  object space 2097152K, 0% used [0x0000000700000000,0x0000000701026cc8,0x0000000780000000)
 Metaspace       used 35525K, committed 35840K, reserved 1081344K
  class space    used 4731K, committed 4928K, reserved 1048576K
}
Event: 3.459 GC heap after
{Heap after GC invocations=3 (full 1):
 PSYoungGen      total 917504K, used 4368K [0x00000007aab00000, 0x00000007eab00000, 0x0000000800000000)
  eden space 786432K, 0% used [0x00000007aab00000,0x00000007aab00000,0x00000007dab00000)
  from space 131072K, 3% used [0x00000007e2b00000,0x00000007e2f44150,0x00000007eab00000)
  to   space 131072K, 0% used [0x00000007dab00000,0x00000007dab00000,0x00000007e2b00000)
 ParOldGen       total 2097152K, used 16547K [0x0000000700000000, 0x0000000780000000, 0x00000007aab00000)
  object space 2097152K, 0% used [0x0000000700000000,0x0000000701028cc8,0x0000000780000000)
 Metaspace       used 35525K, committed 35840K, reserved 1081344K
  class space    used 4731K, committed 4928K, reserved 1048576K
}
Event: 3.460 GC heap before
{Heap before GC invocations=4 (full 2):
 PSYoungGen      total 917504K, used 4368K [0x00000007aab00000, 0x00000007eab00000, 0x0000000800000000)
  eden space 786432K, 0% used [0x00000007aab00000,0x00000007aab00000,0x00000007dab00000)
  from space 131072K, 3% used [0x00000007e2b00000,0x00000007e2f44150,0x00000007eab00000)
  to   space 131072K, 0% used [0x00000007dab00000,0x00000007dab00000,0x00000007e2b00000)
 ParOldGen       total 2097152K, used 16547K [0x0000000700000000, 0x0000000780000000, 0x00000007aab00000)
  object space 2097152K, 0% used [0x0000000700000000,0x0000000701028cc8,0x0000000780000000)
 Metaspace       used 35525K, committed 35840K, reserved 1081344K
  class space    used 4731K, committed 4928K, reserved 1048576K
}
Event: 3.482 GC heap after
{Heap after GC invocations=4 (full 2):
 PSYoungGen      total 917504K, used 0K [0x00000007aab00000, 0x00000007eab00000, 0x0000000800000000)
  eden space 786432K, 0% used [0x00000007aab00000,0x00000007aab00000,0x00000007dab00000)
  from space 131072K, 0% used [0x00000007e2b00000,0x00000007e2b00000,0x00000007eab00000)
  to   space 131072K, 0% used [0x00000007dab00000,0x00000007dab00000,0x00000007e2b00000)
 ParOldGen       total 2097152K, used 20556K [0x0000000700000000, 0x0000000780000000, 0x00000007aab00000)
  object space 2097152K, 0% used [0x0000000700000000,0x0000000701413038,0x0000000780000000)
 Metaspace       used 35525K, committed 35840K, reserved 1081344K
  class space    used 4731K, committed 4928K, reserved 1048576K
}
Event: 7.576 GC heap before
{Heap before GC invocations=5 (full 2):
 PSYoungGen      total 917504K, used 308100K [0x00000007aab00000, 0x00000007eab00000, 0x0000000800000000)
  eden space 786432K, 39% used [0x00000007aab00000,0x00000007bd7e1068,0x00000007dab00000)
  from space 131072K, 0% used [0x00000007e2b00000,0x00000007e2b00000,0x00000007eab00000)
  to   space 131072K, 0% used [0x00000007dab00000,0x00000007dab00000,0x00000007e2b00000)
 ParOldGen       total 2097152K, used 20556K [0x0000000700000000, 0x0000000780000000, 0x00000007aab00000)
  object space 2097152K, 0% used [0x0000000700000000,0x0000000701413038,0x0000000780000000)
 Metaspace       used 59289K, committed 59776K, reserved 1105920K
  class space    used 7996K, committed 8256K, reserved 1048576K
}
Event: 7.584 GC heap after
{Heap after GC invocations=5 (full 2):
 PSYoungGen      total 917504K, used 16209K [0x00000007aab00000, 0x00000007eab00000, 0x0000000800000000)
  eden space 786432K, 0% used [0x00000007aab00000,0x00000007aab00000,0x00000007dab00000)
  from space 131072K, 12% used [0x00000007dab00000,0x00000007dbad4570,0x00000007e2b00000)
  to   space 131072K, 0% used [0x00000007e2b00000,0x00000007e2b00000,0x00000007eab00000)
 ParOldGen       total 2097152K, used 20564K [0x0000000700000000, 0x0000000780000000, 0x00000007aab00000)
  object space 2097152K, 0% used [0x0000000700000000,0x0000000701415038,0x0000000780000000)
 Metaspace       used 59289K, committed 59776K, reserved 1105920K
  class space    used 7996K, committed 8256K, reserved 1048576K
}
Event: 7.584 GC heap before
{Heap before GC invocations=6 (full 3):
 PSYoungGen      total 917504K, used 16209K [0x00000007aab00000, 0x00000007eab00000, 0x0000000800000000)
  eden space 786432K, 0% used [0x00000007aab00000,0x00000007aab00000,0x00000007dab00000)
  from space 131072K, 12% used [0x00000007dab00000,0x00000007dbad4570,0x00000007e2b00000)
  to   space 131072K, 0% used [0x00000007e2b00000,0x00000007e2b00000,0x00000007eab00000)
 ParOldGen       total 2097152K, used 20564K [0x0000000700000000, 0x0000000780000000, 0x00000007aab00000)
  object space 2097152K, 0% used [0x0000000700000000,0x0000000701415038,0x0000000780000000)
 Metaspace       used 59289K, committed 59776K, reserved 1105920K
  class space    used 7996K, committed 8256K, reserved 1048576K
}
Event: 7.623 GC heap after
{Heap after GC invocations=6 (full 3):
 PSYoungGen      total 917504K, used 0K [0x00000007aab00000, 0x00000007eab00000, 0x0000000800000000)
  eden space 786432K, 0% used [0x00000007aab00000,0x00000007aab00000,0x00000007dab00000)
  from space 131072K, 0% used [0x00000007dab00000,0x00000007dab00000,0x00000007e2b00000)
  to   space 131072K, 0% used [0x00000007e2b00000,0x00000007e2b00000,0x00000007eab00000)
 ParOldGen       total 2097152K, used 36135K [0x0000000700000000, 0x0000000780000000, 0x00000007aab00000)
  object space 2097152K, 1% used [0x0000000700000000,0x0000000702349e28,0x0000000780000000)
 Metaspace       used 59289K, committed 59776K, reserved 1105920K
  class space    used 7996K, committed 8256K, reserved 1048576K
}
Event: 18.360 GC heap before
{Heap before GC invocations=7 (full 3):
 PSYoungGen      total 917504K, used 786432K [0x00000007aab00000, 0x00000007eab00000, 0x0000000800000000)
  eden space 786432K, 100% used [0x00000007aab00000,0x00000007dab00000,0x00000007dab00000)
  from space 131072K, 0% used [0x00000007dab00000,0x00000007dab00000,0x00000007e2b00000)
  to   space 131072K, 0% used [0x00000007e2b00000,0x00000007e2b00000,0x00000007eab00000)
 ParOldGen       total 2097152K, used 36135K [0x0000000700000000, 0x0000000780000000, 0x00000007aab00000)
  object space 2097152K, 1% used [0x0000000700000000,0x0000000702349e40,0x0000000780000000)
 Metaspace       used 67110K, committed 67648K, reserved 1114112K
  class space    used 8928K, committed 9152K, reserved 1048576K
}
Event: 18.437 GC heap after
{Heap after GC invocations=7 (full 3):
 PSYoungGen      total 917504K, used 12862K [0x00000007aab00000, 0x00000007eab00000, 0x0000000800000000)
  eden space 786432K, 0% used [0x00000007aab00000,0x00000007aab00000,0x00000007dab00000)
  from space 131072K, 9% used [0x00000007e2b00000,0x00000007e378f9b0,0x00000007eab00000)
  to   space 131072K, 0% used [0x00000007dab00000,0x00000007dab00000,0x00000007e2b00000)
 ParOldGen       total 2097152K, used 36151K [0x0000000700000000, 0x0000000780000000, 0x00000007aab00000)
  object space 2097152K, 1% used [0x0000000700000000,0x000000070234de40,0x0000000780000000)
 Metaspace       used 67110K, committed 67648K, reserved 1114112K
  class space    used 8928K, committed 9152K, reserved 1048576K
}
Event: 19.876 GC heap before
{Heap before GC invocations=8 (full 3):
 PSYoungGen      total 917504K, used 799294K [0x00000007aab00000, 0x00000007eab00000, 0x0000000800000000)
  eden space 786432K, 100% used [0x00000007aab00000,0x00000007dab00000,0x00000007dab00000)
  from space 131072K, 9% used [0x00000007e2b00000,0x00000007e378f9b0,0x00000007eab00000)
  to   space 131072K, 0% used [0x00000007dab00000,0x00000007dab00000,0x00000007e2b00000)
 ParOldGen       total 2097152K, used 36154K [0x0000000700000000, 0x0000000780000000, 0x00000007aab00000)
  object space 2097152K, 1% used [0x0000000700000000,0x000000070234eab0,0x0000000780000000)
 Metaspace       used 67169K, committed 67648K, reserved 1114112K
  class space    used 8933K, committed 9152K, reserved 1048576K
}
Event: 19.935 GC heap after
{Heap after GC invocations=8 (full 3):
 PSYoungGen      total 781312K, used 14277K [0x00000007aab00000, 0x00000007e2b80000, 0x0000000800000000)
  eden space 766976K, 0% used [0x00000007aab00000,0x00000007aab00000,0x00000007d9800000)
  from space 14336K, 99% used [0x00000007dab00000,0x00000007db8f17c8,0x00000007db900000)
  to   space 19968K, 0% used [0x00000007e1800000,0x00000007e1800000,0x00000007e2b80000)
 ParOldGen       total 2097152K, used 36162K [0x0000000700000000, 0x0000000780000000, 0x00000007aab00000)
  object space 2097152K, 1% used [0x0000000700000000,0x0000000702350ab0,0x0000000780000000)
 Metaspace       used 67169K, committed 67648K, reserved 1114112K
  class space    used 8933K, committed 9152K, reserved 1048576K
}
Event: 21.112 GC heap before
{Heap before GC invocations=9 (full 3):
 PSYoungGen      total 781312K, used 781253K [0x00000007aab00000, 0x00000007e2b80000, 0x0000000800000000)
  eden space 766976K, 100% used [0x00000007aab00000,0x00000007d9800000,0x00000007d9800000)
  from space 14336K, 99% used [0x00000007dab00000,0x00000007db8f17c8,0x00000007db900000)
  to   space 19968K, 0% used [0x00000007e1800000,0x00000007e1800000,0x00000007e2b80000)
 ParOldGen       total 2097152K, used 36162K [0x0000000700000000, 0x0000000780000000, 0x00000007aab00000)
  object space 2097152K, 1% used [0x0000000700000000,0x0000000702350ab0,0x0000000780000000)
 Metaspace       used 67235K, committed 67776K, reserved 1114112K
  class space    used 8933K, committed 9152K, reserved 1048576K
}
Event: 21.132 GC heap after
{Heap after GC invocations=9 (full 3):
 PSYoungGen      total 786944K, used 19940K [0x00000007aab00000, 0x00000007e2b80000, 0x0000000800000000)
  eden space 766976K, 0% used [0x00000007aab00000,0x00000007aab00000,0x00000007d9800000)
  from space 19968K, 99% used [0x00000007e1800000,0x00000007e2b79298,0x00000007e2b80000)
  to   space 14336K, 0% used [0x00000007dab00000,0x00000007dab00000,0x00000007db900000)
 ParOldGen       total 2097152K, used 37939K [0x0000000700000000, 0x0000000780000000, 0x00000007aab00000)
  object space 2097152K, 1% used [0x0000000700000000,0x000000070250cf00,0x0000000780000000)
 Metaspace       used 67235K, committed 67776K, reserved 1114112K
  class space    used 8933K, committed 9152K, reserved 1048576K
}
Event: 21.919 GC heap before
{Heap before GC invocations=10 (full 3):
 PSYoungGen      total 786944K, used 786916K [0x00000007aab00000, 0x00000007e2b80000, 0x0000000800000000)
  eden space 766976K, 100% used [0x00000007aab00000,0x00000007d9800000,0x00000007d9800000)
  from space 19968K, 99% used [0x00000007e1800000,0x00000007e2b79298,0x00000007e2b80000)
  to   space 14336K, 0% used [0x00000007dab00000,0x00000007dab00000,0x00000007db900000)
 ParOldGen       total 2097152K, used 37939K [0x0000000700000000, 0x0000000780000000, 0x00000007aab00000)
  object space 2097152K, 1% used [0x0000000700000000,0x000000070250cf00,0x0000000780000000)
 Metaspace       used 67280K, committed 67776K, reserved 1114112K
  class space    used 8933K, committed 9152K, reserved 1048576K
}
Event: 21.929 GC heap after
{Heap after GC invocations=10 (full 3):
 PSYoungGen      total 781312K, used 14332K [0x00000007aab00000, 0x00000007e2b80000, 0x0000000800000000)
  eden space 766976K, 0% used [0x00000007aab00000,0x00000007aab00000,0x00000007d9800000)
  from space 14336K, 99% used [0x00000007dab00000,0x00000007db8ff160,0x00000007db900000)
  to   space 19968K, 0% used [0x00000007e1800000,0x00000007e1800000,0x00000007e2b80000)
 ParOldGen       total 2097152K, used 45239K [0x0000000700000000, 0x0000000780000000, 0x00000007aab00000)
  object space 2097152K, 2% used [0x0000000700000000,0x0000000702c2dc18,0x0000000780000000)
 Metaspace       used 67280K, committed 67776K, reserved 1114112K
  class space    used 8933K, committed 9152K, reserved 1048576K
}
Event: 23.228 GC heap before
{Heap before GC invocations=11 (full 3):
 PSYoungGen      total 781312K, used 781308K [0x00000007aab00000, 0x00000007e2b80000, 0x0000000800000000)
  eden space 766976K, 100% used [0x00000007aab00000,0x00000007d9800000,0x00000007d9800000)
  from space 14336K, 99% used [0x00000007dab00000,0x00000007db8ff160,0x00000007db900000)
  to   space 19968K, 0% used [0x00000007e1800000,0x00000007e1800000,0x00000007e2b80000)
 ParOldGen       total 2097152K, used 45241K [0x0000000700000000, 0x0000000780000000, 0x00000007aab00000)
  object space 2097152K, 2% used [0x0000000700000000,0x0000000702c2e5f0,0x0000000780000000)
 Metaspace       used 67284K, committed 67776K, reserved 1114112K
  class space    used 8933K, committed 9152K, reserved 1048576K
}

